DEBUG - 2026-02-19 19:24:09 --> Session: Class initialized using 'CodeIgniter\Session\Handlers\FileHandler' driver.
CRITICAL - 2026-02-19 19:24:09 --> ErrorException: Undefined property: Config\Paths::$viewDirectory
[Method: GET, Route: meetings]
in SYSTEMPATH\Config\Services.php on line 506.
 1 SYSTEMPATH\Config\Services.php(506): CodeIgniter\Debug\Exceptions->errorHandler(2, 'Undefined property: Config\\Paths::$viewDirectory', 'C:\\xampp\\htdocs\\ci4_meetings_clean\\vendor\\codeigniter4\\framework\\system\\Config\\Services.php', 506)
 2 SYSTEMPATH\Config\BaseService.php(312): CodeIgniter\Config\Services::renderer(null, null, false)
 3 SYSTEMPATH\Config\BaseService.php(251): CodeIgniter\Config\BaseService::__callStatic('renderer', [...])
 4 SYSTEMPATH\Config\Services.php(503): CodeIgniter\Config\BaseService::getSharedInstance('renderer', null, null)
 5 SYSTEMPATH\Config\BaseService.php(321): CodeIgniter\Config\Services::renderer()
 6 SYSTEMPATH\Config\BaseService.php(202): CodeIgniter\Config\BaseService::__callStatic('renderer', [])
 7 SYSTEMPATH\Common.php(995): CodeIgniter\Config\BaseService::get('renderer')
 8 SYSTEMPATH\Debug\Toolbar\Collectors\Views.php(79): service('renderer')
 9 SYSTEMPATH\Debug\Toolbar\Collectors\Views.php(136): CodeIgniter\Debug\Toolbar\Collectors\Views->initViewer()
10 SYSTEMPATH\Debug\Toolbar\Collectors\BaseCollector.php(229): CodeIgniter\Debug\Toolbar\Collectors\Views->getBadgeValue()
11 SYSTEMPATH\Debug\Toolbar.php(95): CodeIgniter\Debug\Toolbar\Collectors\BaseCollector->getAsArray()
12 SYSTEMPATH\Debug\Toolbar.php(390): CodeIgniter\Debug\Toolbar->run(1771529049.876245, 0.1192, Object(CodeIgniter\HTTP\IncomingRequest), Object(CodeIgniter\HTTP\RedirectResponse))
13 SYSTEMPATH\Filters\DebugToolbar.php(44): CodeIgniter\Debug\Toolbar->prepare(Object(CodeIgniter\HTTP\IncomingRequest), Object(CodeIgniter\HTTP\RedirectResponse))
14 SYSTEMPATH\Filters\Filters.php(278): CodeIgniter\Filters\DebugToolbar->after(Object(CodeIgniter\HTTP\IncomingRequest), Object(CodeIgniter\HTTP\RedirectResponse), null)
15 SYSTEMPATH\Filters\Filters.php(364): CodeIgniter\Filters\Filters->runAfter([...])
16 SYSTEMPATH\CodeIgniter.php(407): CodeIgniter\Filters\Filters->runRequired('after')
17 SYSTEMPATH\CodeIgniter.php(368): CodeIgniter\CodeIgniter->runRequiredAfterFilters(Object(CodeIgniter\Filters\Filters))
18 SYSTEMPATH\Boot.php(363): CodeIgniter\CodeIgniter->run()
19 SYSTEMPATH\Boot.php(68): CodeIgniter\Boot::runCodeIgniter(Object(CodeIgniter\CodeIgniter))
20 FCPATH\index.php(59): CodeIgniter\Boot::bootWeb(Object(Config\Paths))
CRITICAL - 2026-02-19 19:24:10 --> ErrorException: Uncaught ErrorException: Undefined property: Config\Paths::$viewDirectory in C:\xampp\htdocs\ci4_meetings_clean\vendor\codeigniter4\framework\system\Debug\ExceptionHandler.php:100
Stack trace:
#0 C:\xampp\htdocs\ci4_meetings_clean\vendor\codeigniter4\framework\system\Debug\ExceptionHandler.php(100): CodeIgniter\Debug\Exceptions->errorHandler(2, 'Undefined prope...', 'C:\\xampp\\htdocs...', 100)
#1 C:\xampp\htdocs\ci4_meetings_clean\vendor\codeigniter4\framework\system\Debug\Exceptions.php(162): CodeIgniter\Debug\ExceptionHandler->handle(Object(ErrorException), Object(CodeIgniter\HTTP\IncomingRequest), Object(CodeIgniter\HTTP\Response), 500, 1)
#2 [internal function]: CodeIgniter\Debug\Exceptions->exceptionHandler(Object(ErrorException))
#3 {main}
  thrown
【Previous Exception】
ErrorException
Undefined property: Config\Paths::$viewDirectory
#0 C:\xampp\htdocs\ci4_meetings_clean\vendor\codeigniter4\framework\system\Config\Services.php(506): CodeIgniter\Debug\Exceptions->errorHandler(2, 'Undefined prope...', 'C:\\xampp\\htdocs...', 506)
#1 C:\xampp\htdocs\ci4_meetings_clean\vendor\codeigniter4\framework\system\Config\BaseService.php(312): CodeIgniter\Config\Services::renderer(NULL, NULL, false)
#2 C:\xampp\htdocs\ci4_meetings_clean\vendor\codeigniter4\framework\system\Config\BaseService.php(251): CodeIgniter\Config\BaseService::__callStatic('renderer', Array)
#3 C:\xampp\htdocs\ci4_meetings_clean\vendor\codeigniter4\framework\system\Config\Services.php(503): CodeIgniter\Config\BaseService::getSharedInstance('renderer', NULL, NULL)
#4 C:\xampp\htdocs\ci4_meetings_clean\vendor\codeigniter4\framework\system\Config\BaseService.php(321): CodeIgniter\Config\Services::renderer()
#5 C:\xampp\htdocs\ci4_meetings_clean\vendor\codeigniter4\framework\system\Config\BaseService.php(202): CodeIgniter\Config\BaseService::__callStatic('renderer', Array)
#6 C:\xampp\htdocs\ci4_meetings_clean\vendor\codeigniter4\framework\system\Common.php(995): CodeIgniter\Config\BaseService::get('renderer')
#7 C:\xampp\htdocs\ci4_meetings_clean\vendor\codeigniter4\framework\system\Debug\Toolbar\Collectors\Views.php(79): service('renderer')
#8 C:\xampp\htdocs\ci4_meetings_clean\vendor\codeigniter4\framework\system\Debug\Toolbar\Collectors\Views.php(136): CodeIgniter\Debug\Toolbar\Collectors\Views->initViewer()
#9 C:\xampp\htdocs\ci4_meetings_clean\vendor\codeigniter4\framework\system\Debug\Toolbar\Collectors\BaseCollector.php(229): CodeIgniter\Debug\Toolbar\Collectors\Views->getBadgeValue()
#10 C:\xampp\htdocs\ci4_meetings_clean\vendor\codeigniter4\framework\system\Debug\Toolbar.php(95): CodeIgniter\Debug\Toolbar\Collectors\BaseCollector->getAsArray()
#11 C:\xampp\htdocs\ci4_meetings_clean\vendor\codeigniter4\framework\system\Debug\Toolbar.php(390): CodeIgniter\Debug\Toolbar->run(1771529049.8762, 0.1192, Object(CodeIgniter\HTTP\IncomingRequest), Object(CodeIgniter\HTTP\RedirectResponse))
#12 C:\xampp\htdocs\ci4_meetings_clean\vendor\codeigniter4\framework\system\Filters\DebugToolbar.php(44): CodeIgniter\Debug\Toolbar->prepare(Object(CodeIgniter\HTTP\IncomingRequest), Object(CodeIgniter\HTTP\RedirectResponse))
#13 C:\xampp\htdocs\ci4_meetings_clean\vendor\codeigniter4\framework\system\Filters\Filters.php(278): CodeIgniter\Filters\DebugToolbar->after(Object(CodeIgniter\HTTP\IncomingRequest), Object(CodeIgniter\HTTP\RedirectResponse), NULL)
#14 C:\xampp\htdocs\ci4_meetings_clean\vendor\codeigniter4\framework\system\Filters\Filters.php(364): CodeIgniter\Filters\Filters->runAfter(Array)
#15 C:\xampp\htdocs\ci4_meetings_clean\vendor\codeigniter4\framework\system\CodeIgniter.php(407): CodeIgniter\Filters\Filters->runRequired('after')
#16 C:\xampp\htdocs\ci4_meetings_clean\vendor\codeigniter4\framework\system\CodeIgniter.php(368): CodeIgniter\CodeIgniter->runRequiredAfterFilters(Object(CodeIgniter\Filters\Filters))
#17 C:\xampp\htdocs\ci4_meetings_clean\vendor\codeigniter4\framework\system\Boot.php(363): CodeIgniter\CodeIgniter->run()
#18 C:\xampp\htdocs\ci4_meetings_clean\vendor\codeigniter4\framework\system\Boot.php(68): CodeIgniter\Boot::runCodeIgniter(Object(CodeIgniter\CodeIgniter))
#19 C:\xampp\htdocs\ci4_meetings_clean\public\index.php(59): CodeIgniter\Boot::bootWeb(Object(Config\Paths))
#20 {main}
[Method: GET, Route: meetings]
in SYSTEMPATH\Debug\ExceptionHandler.php on line 100.
 1 [internal function]: CodeIgniter\Debug\Exceptions->shutdownHandler()
